<?xml version="1.0" encoding="UTF-8"?>
<!-- Generated by org.testng.reporters.JUnitXMLReporter -->
<testsuite hostname="tyss-4f" ignored="6" name="Regression_test" tests="3" failures="1" timestamp="29 Aug 2019 11:40:48 GMT" time="121.978" errors="0">
  <testcase name="tc_001_testGuestSearchAddress" time="44.457" classname="com.move.androidapp.scripts.MV_001_GuestUserSearchAddress"/>
  <testcase name="tc_002_testGuestSearchNavigation" time="8.322" classname="com.move.androidapp.scripts.MV_002_NavigateToPlace"/>
  <testcase name="tc_003_testGuestSearchDirection" time="35.627" classname="com.move.androidapp.scripts.MV_003_DirectionListValidation">
    <failure type="java.lang.AssertionError" message="null">
      <![CDATA[java.lang.AssertionError: null
at com.move.androidapp.pages.NavigationPage.validateDirectionStripText(NavigationPage.java:145)
at com.move.androidapp.scripts.MV_003_DirectionListValidation.tc_003_testGuestSearchDirection(MV_003_DirectionListValidation.java:29)
... Removed 27 stack frames]]>
    </failure>
  </testcase> <!-- tc_003_testGuestSearchDirection -->
  <testcase name="@BeforeSuite before_suite" time="0.0" classname="com.move.androidapp.lib.BaseLib">
    <ignored/>
  </testcase> <!-- @BeforeSuite before_suite -->
  <testcase name="@BeforeSuite before_suite" time="0.0" classname="com.move.androidapp.lib.BaseLib">
    <ignored/>
  </testcase> <!-- @BeforeSuite before_suite -->
  <testcase name="@BeforeTest _LaunchApp" time="0.0" classname="com.move.androidapp.lib.BaseLib">
    <ignored/>
  </testcase> <!-- @BeforeTest _LaunchApp -->
  <testcase name="@BeforeTest _LaunchApp" time="0.0" classname="com.move.androidapp.lib.BaseLib">
    <ignored/>
  </testcase> <!-- @BeforeTest _LaunchApp -->
  <testcase name="@AfterSuite OracleCloseConnection" time="0.0" classname="com.move.androidapp.lib.BaseLib">
    <ignored/>
  </testcase> <!-- @AfterSuite OracleCloseConnection -->
  <testcase name="@AfterSuite OracleCloseConnection" time="0.0" classname="com.move.androidapp.lib.BaseLib">
    <ignored/>
  </testcase> <!-- @AfterSuite OracleCloseConnection -->
</testsuite> <!-- Regression_test -->
