<?xml version="1.0" encoding="UTF-8"?>
<testng-results skipped="0" failed="1" ignored="6" total="9" passed="2">
  <reporter-output>
  </reporter-output>
  <suite name="Suite" duration-ms="121978" started-at="2019-08-29T11:38:46Z" finished-at="2019-08-29T11:40:48Z">
    <groups>
    </groups>
    <test name="Regression_test" duration-ms="121978" started-at="2019-08-29T11:38:46Z" finished-at="2019-08-29T11:40:48Z">
      <class name="com.move.androidapp.scripts.MV_002_NavigateToPlace">
        <test-method status="PASS" signature="tc_002_testGuestSearchNavigation()[pri:1, instance:com.move.androidapp.scripts.MV_002_NavigateToPlace@6283d8b8]" name="tc_002_testGuestSearchNavigation" duration-ms="8322" started-at="2019-08-29T11:40:04Z" description=" Test case : Login As Guest User and Search Address and Navigate To Place" finished-at="2019-08-29T11:40:12Z">
          <reporter-output>
          </reporter-output>
        </test-method> <!-- tc_002_testGuestSearchNavigation -->
        <test-method status="PASS" signature="reset()[pri:0, instance:com.move.androidapp.scripts.MV_002_NavigateToPlace@6283d8b8]" name="reset" is-config="true" duration-ms="1" started-at="2019-08-29T11:40:13Z" finished-at="2019-08-29T11:40:13Z">
          <reporter-output>
          </reporter-output>
        </test-method> <!-- reset -->
      </class> <!-- com.move.androidapp.scripts.MV_002_NavigateToPlace -->
      <class name="com.move.androidapp.scripts.MV_003_DirectionListValidation">
        <test-method status="FAIL" signature="tc_003_testGuestSearchDirection()[pri:1, instance:com.move.androidapp.scripts.MV_003_DirectionListValidation@3b6ddd1d]" name="tc_003_testGuestSearchDirection" duration-ms="35627" started-at="2019-08-29T11:40:13Z" description=" Test case : Login As Guest User and Search Address and Validate Direction List" finished-at="2019-08-29T11:40:48Z">
          <exception class="java.lang.AssertionError">
            <message>
              <![CDATA[null]]>
            </message>
            <full-stacktrace>
              <![CDATA[java.lang.AssertionError: null
at org.testng.Assert.fail(Assert.java:96)
at org.testng.Assert.fail(Assert.java:103)
at com.move.androidapp.pages.NavigationPage.validateDirectionStripText(NavigationPage.java:145)
at com.move.androidapp.scripts.MV_003_DirectionListValidation.tc_003_testGuestSearchDirection(MV_003_DirectionListValidation.java:29)
at sun.reflect.NativeMethodAccessorImpl.invoke0(Native Method)
at sun.reflect.NativeMethodAccessorImpl.invoke(NativeMethodAccessorImpl.java:62)
at sun.reflect.DelegatingMethodAccessorImpl.invoke(DelegatingMethodAccessorImpl.java:43)
at java.lang.reflect.Method.invoke(Method.java:498)
at org.testng.internal.MethodInvocationHelper.invokeMethod(MethodInvocationHelper.java:124)
at org.testng.internal.Invoker.invokeMethod(Invoker.java:580)
at org.testng.internal.Invoker.invokeTestMethod(Invoker.java:716)
at org.testng.internal.Invoker.invokeTestMethods(Invoker.java:988)
at org.testng.internal.TestMethodWorker.invokeTestMethods(TestMethodWorker.java:125)
at org.testng.internal.TestMethodWorker.run(TestMethodWorker.java:109)
at org.testng.TestRunner.privateRun(TestRunner.java:648)
at org.testng.TestRunner.run(TestRunner.java:505)
at org.testng.SuiteRunner.runTest(SuiteRunner.java:455)
at org.testng.SuiteRunner.runSequentially(SuiteRunner.java:450)
at org.testng.SuiteRunner.privateRun(SuiteRunner.java:415)
at org.testng.SuiteRunner.run(SuiteRunner.java:364)
at org.testng.SuiteRunnerWorker.runSuite(SuiteRunnerWorker.java:52)
at org.testng.SuiteRunnerWorker.run(SuiteRunnerWorker.java:84)
at org.testng.TestNG.runSuitesSequentially(TestNG.java:1208)
at org.testng.TestNG.runSuitesLocally(TestNG.java:1137)
at org.testng.TestNG.runSuites(TestNG.java:1049)
at org.testng.TestNG.run(TestNG.java:1017)
at org.testng.remote.AbstractRemoteTestNG.run(AbstractRemoteTestNG.java:114)
at org.testng.remote.RemoteTestNG.initAndRun(RemoteTestNG.java:251)
at org.testng.remote.RemoteTestNG.main(RemoteTestNG.java:77)
]]>
            </full-stacktrace>
          </exception> <!-- java.lang.AssertionError -->
          <reporter-output>
          </reporter-output>
        </test-method> <!-- tc_003_testGuestSearchDirection -->
        <test-method status="PASS" signature="reset()[pri:0, instance:com.move.androidapp.scripts.MV_003_DirectionListValidation@3b6ddd1d]" name="reset" is-config="true" duration-ms="0" started-at="2019-08-29T11:40:48Z" finished-at="2019-08-29T11:40:48Z">
          <reporter-output>
          </reporter-output>
        </test-method> <!-- reset -->
      </class> <!-- com.move.androidapp.scripts.MV_003_DirectionListValidation -->
      <class name="com.move.androidapp.scripts.MV_001_GuestUserSearchAddress">
        <test-method status="PASS" signature="before_suite()[pri:0, instance:com.move.androidapp.scripts.MV_001_GuestUserSearchAddress@22ef9844]" name="before_suite" is-config="true" duration-ms="13" started-at="2019-08-29T11:38:46Z" finished-at="2019-08-29T11:38:46Z">
          <reporter-output>
          </reporter-output>
        </test-method> <!-- before_suite -->
        <test-method status="PASS" signature="_LaunchApp()[pri:0, instance:com.move.androidapp.scripts.MV_001_GuestUserSearchAddress@22ef9844]" name="_LaunchApp" is-config="true" duration-ms="29527" started-at="2019-08-29T11:38:49Z" finished-at="2019-08-29T11:39:19Z">
          <reporter-output>
          </reporter-output>
        </test-method> <!-- _LaunchApp -->
        <test-method status="PASS" signature="tc_001_testGuestSearchAddress()[pri:1, instance:com.move.androidapp.scripts.MV_001_GuestUserSearchAddress@22ef9844]" name="tc_001_testGuestSearchAddress" duration-ms="44457" started-at="2019-08-29T11:39:19Z" description=" Test case : Login As Guest User and Search Address" finished-at="2019-08-29T11:40:03Z">
          <reporter-output>
          </reporter-output>
        </test-method> <!-- tc_001_testGuestSearchAddress -->
        <test-method status="PASS" signature="reset()[pri:0, instance:com.move.androidapp.scripts.MV_001_GuestUserSearchAddress@22ef9844]" name="reset" is-config="true" duration-ms="0" started-at="2019-08-29T11:40:04Z" finished-at="2019-08-29T11:40:04Z">
          <reporter-output>
          </reporter-output>
        </test-method> <!-- reset -->
        <test-method status="PASS" signature="OracleCloseConnection()[pri:0, instance:com.move.androidapp.scripts.MV_001_GuestUserSearchAddress@22ef9844]" name="OracleCloseConnection" is-config="true" duration-ms="3" started-at="2019-08-29T11:40:48Z" finished-at="2019-08-29T11:40:48Z">
          <reporter-output>
          </reporter-output>
        </test-method> <!-- OracleCloseConnection -->
      </class> <!-- com.move.androidapp.scripts.MV_001_GuestUserSearchAddress -->
    </test> <!-- Regression_test -->
  </suite> <!-- Suite -->
</testng-results>
